c:\pro\SourceMod\k64t\inc\k_cstrike.inc(25) : warning 201: redefinition of constant/macro (symbol "MAX_WEAPONS")
c:\pro\SourceMod\k64t\KnifeDuel\addons\sourcemod\scripting\KnifeDuel.k64t\KnifeDuel.sp(95 -- 96) : warning 213: tag mismatch
c:\pro\SourceMod\k64t\KnifeDuel\addons\sourcemod\scripting\KnifeDuel.k64t\KnifeDuel.sp(97 -- 98) : warning 213: tag mismatch
c:\pro\SourceMod\k64t\KnifeDuel\addons\sourcemod\scripting\KnifeDuel.k64t\KnifeDuel.sp(99 -- 100) : warning 213: tag mismatch
c:\pro\SourceMod\k64t\KnifeDuel\addons\sourcemod\scripting\KnifeDuel.k64t\KnifeDuel.sp(103 -- 104) : warning 213: tag mismatch
c:\pro\SourceMod\k64t\KnifeDuel\addons\sourcemod\scripting\KnifeDuel.k64t\KnifeDuel.sp(130) : warning 217: loose indentation
c:\pro\SourceMod\k64t\KnifeDuel\addons\sourcemod\scripting\KnifeDuel.k64t\KnifeDuel.sp(136) : warning 217: loose indentation
c:\pro\SourceMod\k64t\KnifeDuel\addons\sourcemod\scripting\KnifeDuel.k64t\KnifeDuel.sp(203) : warning 213: tag mismatch
c:\pro\SourceMod\k64t\KnifeDuel\addons\sourcemod\scripting\KnifeDuel.k64t\KnifeDuel.sp(288) : warning 217: loose indentation
c:\pro\SourceMod\k64t\KnifeDuel\addons\sourcemod\scripting\KnifeDuel.k64t\KnifeDuel.sp(290) : warning 217: loose indentation
c:\pro\SourceMod\k64t\KnifeDuel\addons\sourcemod\scripting\KnifeDuel.k64t\KnifeDuel.sp(294) : warning 213: tag mismatch
c:\pro\SourceMod\k64t\KnifeDuel\addons\sourcemod\scripting\KnifeDuel.k64t\KnifeDuel.sp(316) : warning 217: loose indentation
c:\pro\SourceMod\k64t\KnifeDuel\addons\sourcemod\scripting\KnifeDuel.k64t\KnifeDuel.sp(322) : warning 217: loose indentation
c:\pro\SourceMod\k64t\KnifeDuel\addons\sourcemod\scripting\KnifeDuel.k64t\KnifeDuel.sp(331) : warning 213: tag mismatch
c:\pro\SourceMod\k64t\KnifeDuel\addons\sourcemod\scripting\KnifeDuel.k64t\KnifeDuel.sp(343) : warning 213: tag mismatch
c:\pro\SourceMod\k64t\KnifeDuel\addons\sourcemod\scripting\KnifeDuel.k64t\KnifeDuel.sp(495) : warning 217: loose indentation
c:\pro\SourceMod\k64t\KnifeDuel\addons\sourcemod\scripting\KnifeDuel.k64t\KnifeDuel.sp(498) : warning 217: loose indentation
c:\pro\SourceMod\k64t\KnifeDuel\addons\sourcemod\scripting\KnifeDuel.k64t\KnifeDuel.sp(172) : warning 204: symbol is assigned a value that is never used: "g_BeginTimer"
c:\pro\SourceMod\k64t\KnifeDuel\addons\sourcemod\scripting\KnifeDuel.k64t\KnifeDuel.sp(116) : warning 204: symbol is assigned a value that is never used: "g_hMyCookie"
c:\pro\SourceMod\k64t\KnifeDuel\addons\sourcemod\scripting\KnifeDuel.k64t\KnifeDuel.sp(116 -- 751) : warning 203: symbol is never used: "spectrum_ocg"
